<?xml version="1.0" encoding="UTF-8"?>
<testng-results ignored="0" total="2" passed="2" failed="0" skipped="0">
  <reporter-output>
  </reporter-output>
  <suite started-at="2023-07-16T12:19:21 IST" name="Suite" finished-at="2023-07-16T12:19:33 IST" duration-ms="11465">
    <groups>
    </groups>
    <test started-at="2023-07-16T12:19:21 IST" name="Test" finished-at="2023-07-16T12:19:33 IST" duration-ms="11465">
      <class name="testsuites.TestNewOpp">
        <test-method is-config="true" signature="browseropening()[pri:0, instance:testsuites.TestNewOpp@3eb738bb]" started-at="2023-07-16T12:19:21 IST" name="browseropening" finished-at="2023-07-16T12:19:24 IST" duration-ms="2954" status="PASS">
          <reporter-output>
          </reporter-output>
        </test-method> <!-- browseropening -->
        <test-method signature="excelread([Ljava.lang.String;)[pri:0, instance:testsuites.TestNewOpp@3eb738bb]" started-at="2023-07-16T12:19:25 IST" name="excelread" data-provider="datasendingmethod" finished-at="2023-07-16T12:19:33 IST" duration-ms="7629" status="PASS">
          <params>
            <param index="0">
              <value>
                <![CDATA[[Ljava.lang.String;@2c8c16c0]]>
              </value>
            </param>
          </params>
          <reporter-output>
          </reporter-output>
        </test-method> <!-- excelread -->
        <test-method is-config="true" signature="failurescreenshot(org.testng.ITestResult)[pri:0, instance:testsuites.TestNewOpp@3eb738bb]" started-at="2023-07-16T12:19:33 IST" name="failurescreenshot" finished-at="2023-07-16T12:19:33 IST" duration-ms="1" status="PASS">
          <params>
            <param index="0">
              <value>
                <![CDATA[[TestResult name=excelread status=SUCCESS method=TestNewOpp.excelread([Ljava.lang.String;)[pri:0, instance:testsuites.TestNewOpp@3eb738bb] output={null}]]]>
              </value>
            </param>
          </params>
          <reporter-output>
          </reporter-output>
        </test-method> <!-- failurescreenshot -->
        <test-method signature="title()[pri:0, instance:testsuites.TestNewOpp@3eb738bb]" started-at="2023-07-16T12:19:33 IST" name="title" finished-at="2023-07-16T12:19:33 IST" duration-ms="7" status="PASS">
          <reporter-output>
          </reporter-output>
        </test-method> <!-- title -->
        <test-method is-config="true" signature="failurescreenshot(org.testng.ITestResult)[pri:0, instance:testsuites.TestNewOpp@3eb738bb]" started-at="2023-07-16T12:19:33 IST" name="failurescreenshot" finished-at="2023-07-16T12:19:33 IST" duration-ms="0" status="PASS">
          <params>
            <param index="0">
              <value>
                <![CDATA[[TestResult name=title status=SUCCESS method=TestNewOpp.title()[pri:0, instance:testsuites.TestNewOpp@3eb738bb] output={null}]]]>
              </value>
            </param>
          </params>
          <reporter-output>
          </reporter-output>
        </test-method> <!-- failurescreenshot -->
        <test-method is-config="true" signature="teardown()[pri:0, instance:testsuites.TestNewOpp@3eb738bb]" started-at="2023-07-16T12:19:33 IST" name="teardown" finished-at="2023-07-16T12:19:33 IST" duration-ms="151" status="PASS">
          <reporter-output>
          </reporter-output>
        </test-method> <!-- teardown -->
      </class> <!-- testsuites.TestNewOpp -->
    </test> <!-- Test -->
  </suite> <!-- Suite -->
</testng-results>
